{
  "stats": {
    "suites": 1,
    "tests": 1,
    "passes": 1,
    "pending": 0,
    "failures": 0,
    "start": "2025-01-05T11:31:55.233Z",
    "end": "2025-01-05T11:31:55.493Z",
    "duration": 260,
    "testsRegistered": 1,
    "passPercent": 100,
    "pendingPercent": 0,
    "other": 0,
    "hasOther": false,
    "skipped": 0,
    "hasSkipped": false
  },
  "results": [
    {
      "uuid": "d7ab9ee3-3e16-47ab-8239-c6981c92d73d",
      "title": "",
      "fullFile": "cypress\\e2e\\apiTest.js",
      "file": "cypress\\e2e\\apiTest.js",
      "beforeHooks": [],
      "afterHooks": [],
      "tests": [],
      "suites": [
        {
          "uuid": "cd822cf4-b2aa-4154-804d-4de66507670e",
          "title": "CoinDesk API Test",
          "fullFile": "",
          "file": "",
          "beforeHooks": [],
          "afterHooks": [],
          "tests": [
            {
              "title": "Should verify the response from /v1/bpi/currentprice.json",
              "fullTitle": "CoinDesk API Test Should verify the response from /v1/bpi/currentprice.json",
              "timedOut": null,
              "duration": 232,
              "state": "passed",
              "speed": "fast",
              "pass": true,
              "fail": false,
              "pending": false,
              "context": null,
              "code": "cy.request(\"GET\", \"https://api.coindesk.com/v1/bpi/currentprice.json\").then((response) => {\n  expect(response.status).to.eq(200);\n  const bpi = response.body.bpi;\n  expect(bpi).to.have.property(\"USD\");\n  expect(bpi).to.have.property(\"GBP\");\n  expect(bpi).to.have.property(\"EUR\");\n  expect(bpi.GBP.description).to.eq(\"British Pound Sterling\");\n});",
              "err": {},
              "uuid": "ccfa3ff3-335e-40ad-b8cf-19fe201d5413",
              "parentUUID": "cd822cf4-b2aa-4154-804d-4de66507670e",
              "isHook": false,
              "skipped": false
            }
          ],
          "suites": [],
          "passes": [
            "ccfa3ff3-335e-40ad-b8cf-19fe201d5413"
          ],
          "failures": [],
          "pending": [],
          "skipped": [],
          "duration": 232,
          "root": false,
          "rootEmpty": false,
          "_timeout": 2000
        }
      ],
      "passes": [],
      "failures": [],
      "pending": [],
      "skipped": [],
      "duration": 0,
      "root": true,
      "rootEmpty": true,
      "_timeout": 2000
    }
  ],
  "meta": {
    "mocha": {
      "version": "7.0.1"
    },
    "mochawesome": {
      "options": {
        "quiet": false,
        "reportFilename": "mochawesome",
        "saveHtml": false,
        "saveJson": true,
        "consoleReporter": "spec",
        "useInlineDiffs": false,
        "code": true
      },
      "version": "7.1.3"
    },
    "marge": {
      "options": {
        "overwrite": false,
        "html": false,
        "json": true,
        "reportDir": "cypress\\reports\\html\\.jsons"
      },
      "version": "6.2.0"
    }
  }
}